# JRE version: Java(TM) SE Runtime Environment (9.0+181) (build 9+181)
# Java VM: Java HotSpot(TM) 64-Bit Server VM (9+181, mixed mode, tiered, compressed oops, g1 gc, windows-amd64)
Heap:
 garbage-first heap   total 65536K, used 6745K [0x00000000c1000000, 0x00000000c1100200, 0x0000000100000000)
  region size 1024K, 5 young (5120K), 2 survivors (2048K)
 Metaspace       used 18731K, capacity 19856K, committed 20096K, reserved 1067008K
  class space    used 2170K, capacity 2430K, committed 2432K, reserved 1048576K
GC Heap History (6 events):
Event: 1.348 GC heap before
{Heap before GC invocations=0 (full 0):
 garbage-first heap   total 65536K, used 7168K [0x00000000c1000000, 0x00000000c1100200, 0x0000000100000000)
  region size 1024K, 7 young (7168K), 0 survivors (0K)
 Metaspace       used 7835K, capacity 8006K, committed 8320K, reserved 1056768K
  class space    used 764K, capacity 811K, committed 896K, reserved 1048576K
}
Event: 1.356 GC heap after
{Heap after GC invocations=1 (full 0):
 garbage-first heap   total 65536K, used 1686K [0x00000000c1000000, 0x00000000c1100200, 0x0000000100000000)
  region size 1024K, 1 young (1024K), 1 survivors (1024K)
 Metaspace       used 7835K, capacity 8006K, committed 8320K, reserved 1056768K
  class space    used 764K, capacity 811K, committed 896K, reserved 1048576K
}
Event: 16.166 GC heap before
{Heap before GC invocations=1 (full 0):
 garbage-first heap   total 65536K, used 6806K [0x00000000c1000000, 0x00000000c1100200, 0x0000000100000000)
  region size 1024K, 6 young (6144K), 1 survivors (1024K)
 Metaspace       used 10793K, capacity 11248K, committed 11264K, reserved 1058816K
  class space    used 1152K, capacity 1278K, committed 1280K, reserved 1048576K
}
Event: 16.174 GC heap after
{Heap after GC invocations=2 (full 0):
 garbage-first heap   total 65536K, used 2332K [0x00000000c1000000, 0x00000000c1100200, 0x0000000100000000)
  region size 1024K, 1 young (1024K), 1 survivors (1024K)
 Metaspace       used 10793K, capacity 11248K, committed 11264K, reserved 1058816K
  class space    used 1152K, capacity 1278K, committed 1280K, reserved 1048576K
}
Event: 26.817 GC heap before
{Heap before GC invocations=2 (full 0):
 garbage-first heap   total 65536K, used 16668K [0x00000000c1000000, 0x00000000c1100200, 0x0000000100000000)
  region size 1024K, 14 young (14336K), 1 survivors (1024K)
 Metaspace       used 18297K, capacity 19354K, committed 19584K, reserved 1067008K
  class space    used 2162K, capacity 2395K, committed 2432K, reserved 1048576K
}
Event: 26.830 GC heap after
{Heap after GC invocations=3 (full 0):
 garbage-first heap   total 65536K, used 4697K [0x00000000c1000000, 0x00000000c1100200, 0x0000000100000000)
  region size 1024K, 2 young (2048K), 2 survivors (2048K)
 Metaspace       used 18297K, capacity 19354K, committed 19584K, reserved 1067008K
  class space    used 2162K, capacity 2395K, committed 2432K, reserved 1048576K
}

